<?xml version="1.0" encoding="UTF-8"?>
<testsuite xmlns:xsi="http://www.w3.org/2001/XMLSchema-instance" xsi:noNamespaceSchemaLocation="https://maven.apache.org/surefire/maven-surefire-plugin/xsd/surefire-test-report.xsd" version="3.0.2" name="com.mavenTask.webspring.test.PersonTest" time="0.072" tests="3" errors="0" skipped="0" failures="0">
  <properties>
[...]
</properties>
  <testcase name="TestisAdult1" classname="com.mavenTask.webspring.test.PersonTest" time="0.029"/>
  <testcase name="TestisAdult2" classname="com.mavenTask.webspring.test.PersonTest" time="0.002"/>
  <testcase name="TestisAdult" classname="com.mavenTask.webspring.test.PersonTest" time="0.001"/>
</testsuite>